# JRE version: OpenJDK Runtime Environment (11.0.2+9) (build 11.0.2+9-b159.34)
# Java VM: OpenJDK 64-Bit Server VM (11.0.2+9-b159.34, mixed mode, sharing, tiered, compressed oops, concurrent mark sweep gc, windows-amd64)
Heap:
 par new generation   total 39296K, used 23047K [0x00000000d1200000, 0x00000000d3ca0000, 0x00000000e0c00000)
  eden space 34944K,  64% used [0x00000000d1200000, 0x00000000d2813cf8, 0x00000000d3420000)
  from space 4352K,  10% used [0x00000000d3860000, 0x00000000d38ce2f0, 0x00000000d3ca0000)
  to   space 4352K,   0% used [0x00000000d3420000, 0x00000000d3420000, 0x00000000d3860000)
 concurrent mark-sweep generation total 314876K, used 217236K [0x00000000e0c00000, 0x00000000f3f7f000, 0x0000000100000000)
 Metaspace       used 236632K, capacity 244612K, committed 244912K, reserved 1263616K
  class space    used 27246K, capacity 30291K, committed 30332K, reserved 1048576K
GC Heap History (10 events):
Event: 39413.979 GC heap before
{Heap before GC invocations=960 (full 12):
 par new generation   total 39296K, used 39295K [0x00000000d1200000, 0x00000000d3ca0000, 0x00000000e0c00000)
  eden space 34944K,  99% used [0x00000000d1200000, 0x00000000d341ffd0, 0x00000000d3420000)
  from space 4352K, 100% used [0x00000000d3420000, 0x00000000d3860000, 0x00000000d3860000)
  to   space 4352K,   0% used [0x00000000d3860000, 0x00000000d3860000, 0x00000000d3ca0000)
 concurrent mark-sweep generation total 307232K, used 208833K [0x00000000e0c00000, 0x00000000f3808000, 0x0000000100000000)
 Metaspace       used 236104K, capacity 243868K, committed 244912K, reserved 1263616K
  class space    used 27168K, capacity 30148K, committed 30332K, reserved 1048576K
}
Event: 39413.985 GC heap after
{Heap after GC invocations=961 (full 12):
 par new generation   total 39296K, used 438K [0x00000000d1200000, 0x00000000d3ca0000, 0x00000000e0c00000)
  eden space 34944K,   0% used [0x00000000d1200000, 0x00000000d1200000, 0x00000000d3420000)
  from space 4352K,  10% used [0x00000000d3860000, 0x00000000d38cda00, 0x00000000d3ca0000)
  to   space 4352K,   0% used [0x00000000d3420000, 0x00000000d3420000, 0x00000000d3860000)
 concurrent mark-sweep generation total 311048K, used 213127K [0x00000000e0c00000, 0x00000000f3bc2000, 0x0000000100000000)
 Metaspace       used 236104K, capacity 243868K, committed 244912K, reserved 1263616K
  class space    used 27168K, capacity 30148K, committed 30332K, reserved 1048576K
}
Event: 39638.651 GC heap before
{Heap before GC invocations=961 (full 12):
 par new generation   total 39296K, used 35324K [0x00000000d1200000, 0x00000000d3ca0000, 0x00000000e0c00000)
  eden space 34944K,  99% used [0x00000000d1200000, 0x00000000d3411708, 0x00000000d3420000)
  from space 4352K,  10% used [0x00000000d3860000, 0x00000000d38cda00, 0x00000000d3ca0000)
  to   space 4352K,   0% used [0x00000000d3420000, 0x00000000d3420000, 0x00000000d3860000)
 concurrent mark-sweep generation total 311048K, used 213127K [0x00000000e0c00000, 0x00000000f3bc2000, 0x0000000100000000)
 Metaspace       used 236306K, capacity 244164K, committed 244912K, reserved 1263616K
  class space    used 27198K, capacity 30203K, committed 30332K, reserved 1048576K
}
Event: 39638.655 GC heap after
{Heap after GC invocations=962 (full 12):
 par new generation   total 39296K, used 4352K [0x00000000d1200000, 0x00000000d3ca0000, 0x00000000e0c00000)
  eden space 34944K,   0% used [0x00000000d1200000, 0x00000000d1200000, 0x00000000d3420000)
  from space 4352K, 100% used [0x00000000d3420000, 0x00000000d3860000, 0x00000000d3860000)
  to   space 4352K,   0% used [0x00000000d3860000, 0x00000000d3860000, 0x00000000d3ca0000)
 concurrent mark-sweep generation total 311048K, used 213191K [0x00000000e0c00000, 0x00000000f3bc2000, 0x0000000100000000)
 Metaspace       used 236306K, capacity 244164K, committed 244912K, reserved 1263616K
  class space    used 27198K, capacity 30203K, committed 30332K, reserved 1048576K
}
Event: 39688.981 GC heap before
{Heap before GC invocations=962 (full 12):
 par new generation   total 39296K, used 39296K [0x00000000d1200000, 0x00000000d3ca0000, 0x00000000e0c00000)
  eden space 34944K, 100% used [0x00000000d1200000, 0x00000000d3420000, 0x00000000d3420000)
  from space 4352K, 100% used [0x00000000d3420000, 0x00000000d3860000, 0x00000000d3860000)
  to   space 4352K,   0% used [0x00000000d3860000, 0x00000000d3860000, 0x00000000d3ca0000)
 concurrent mark-sweep generation total 311048K, used 213191K [0x00000000e0c00000, 0x00000000f3bc2000, 0x0000000100000000)
 Metaspace       used 236610K, capacity 244608K, committed 244912K, reserved 1263616K
  class space    used 27245K, capacity 30291K, committed 30332K, reserved 1048576K
}
Event: 39688.987 GC heap after
{Heap after GC invocations=963 (full 12):
 par new generation   total 39296K, used 539K [0x00000000d1200000, 0x00000000d3ca0000, 0x00000000e0c00000)
  eden space 34944K,   0% used [0x00000000d1200000, 0x00000000d1200000, 0x00000000d3420000)
  from space 4352K,  12% used [0x00000000d3860000, 0x00000000d38e6c18, 0x00000000d3ca0000)
  to   space 4352K,   0% used [0x00000000d3420000, 0x00000000d3420000, 0x00000000d3860000)
 concurrent mark-sweep generation total 314876K, used 217236K [0x00000000e0c00000, 0x00000000f3f7f000, 0x0000000100000000)
 Metaspace       used 236610K, capacity 244608K, committed 244912K, reserved 1263616K
  class space    used 27245K, capacity 30291K, committed 30332K, reserved 1048576K
}
Event: 39723.408 GC heap before
{Heap before GC invocations=963 (full 12):
 par new generation   total 39296K, used 35483K [0x00000000d1200000, 0x00000000d3ca0000, 0x00000000e0c00000)
  eden space 34944K, 100% used [0x00000000d1200000, 0x00000000d3420000, 0x00000000d3420000)
  from space 4352K,  12% used [0x00000000d3860000, 0x00000000d38e6c18, 0x00000000d3ca0000)
  to   space 4352K,   0% used [0x00000000d3420000, 0x00000000d3420000, 0x00000000d3860000)
 concurrent mark-sweep generation total 314876K, used 217236K [0x00000000e0c00000, 0x00000000f3f7f000, 0x0000000100000000)
 Metaspace       used 236623K, capacity 244612K, committed 244912K, reserved 1263616K
  class space    used 27245K, capacity 30291K, committed 30332K, reserved 1048576K
}
Event: 39723.414 GC heap after
{Heap after GC invocations=964 (full 12):
 par new generation   total 39296K, used 509K [0x00000000d1200000, 0x00000000d3ca0000, 0x00000000e0c00000)
  eden space 34944K,   0% used [0x00000000d1200000, 0x00000000d1200000, 0x00000000d3420000)
  from space 4352K,  11% used [0x00000000d3420000, 0x00000000d349f490, 0x00000000d3860000)
  to   space 4352K,   0% used [0x00000000d3860000, 0x00000000d3860000, 0x00000000d3ca0000)
 concurrent mark-sweep generation total 314876K, used 217236K [0x00000000e0c00000, 0x00000000f3f7f000, 0x0000000100000000)
 Metaspace       used 236623K, capacity 244612K, committed 244912K, reserved 1263616K
  class space    used 27245K, capacity 30291K, committed 30332K, reserved 1048576K
}
Event: 39729.408 GC heap before
{Heap before GC invocations=964 (full 12):
 par new generation   total 39296K, used 35453K [0x00000000d1200000, 0x00000000d3ca0000, 0x00000000e0c00000)
  eden space 34944K, 100% used [0x00000000d1200000, 0x00000000d3420000, 0x00000000d3420000)
  from space 4352K,  11% used [0x00000000d3420000, 0x00000000d349f490, 0x00000000d3860000)
  to   space 4352K,   0% used [0x00000000d3860000, 0x00000000d3860000, 0x00000000d3ca0000)
 concurrent mark-sweep generation total 314876K, used 217236K [0x00000000e0c00000, 0x00000000f3f7f000, 0x0000000100000000)
 Metaspace       used 236623K, capacity 244612K, committed 244912K, reserved 1263616K
  class space    used 27245K, capacity 30291K, committed 30332K, reserved 1048576K
}
Event: 39729.412 GC heap after
{Heap after GC invocations=965 (full 12):
 par new generation   total 39296K, used 440K [0x00000000d1200000, 0x00000000d3ca0000, 0x00000000e0c00000)
  eden space 34944K,   0% used [0x00000000d1200000, 0x00000000d1200000, 0x00000000d3420000)
  from space 4352K,  10% used [0x00000000d3860000, 0x00000000d38ce2f0, 0x00000000d3ca0000)
  to   space 4352K,   0% used [0x00000000d3420000, 0x00000000d3420000, 0x00000000d3860000)
 concurrent mark-sweep generation total 314876K, used 217236K [0x00000000e0c00000, 0x00000000f3f7f000, 0x0000000100000000)
 Metaspace       used 236623K, capacity 244612K, committed 244912K, reserved 1263616K
  class space    used 27245K, capacity 30291K, committed 30332K, reserved 1048576K
}

